<?xml version="1.0" encoding="UTF-8"?>
<testng-results ignored="0" total="1" passed="1" failed="0" skipped="0">
  <reporter-output>
  </reporter-output>
  <suite started-at="2022-12-13T15:44:51 IST" name="Default suite" finished-at="2022-12-13T15:45:44 IST" duration-ms="53339">
    <groups>
    </groups>
    <test started-at="2022-12-13T15:44:51 IST" name="Default test" finished-at="2022-12-13T15:45:44 IST" duration-ms="53339">
      <class name="testCases.LoginTestCase">
        <test-method is-config="true" signature="launch()[pri:0, instance:testCases.LoginTestCase@16a0ee18]" started-at="2022-12-13T15:44:51 IST" name="launch" finished-at="2022-12-13T15:45:40 IST" duration-ms="49138" status="PASS">
          <reporter-output>
          </reporter-output>
        </test-method> <!-- launch -->
        <test-method signature="login()[pri:0, instance:testCases.LoginTestCase@16a0ee18]" started-at="2022-12-13T15:45:40 IST" name="login" finished-at="2022-12-13T15:45:44 IST" duration-ms="4022" status="PASS">
          <reporter-output>
          </reporter-output>
        </test-method> <!-- login -->
      </class> <!-- testCases.LoginTestCase -->
    </test> <!-- Default test -->
  </suite> <!-- Default suite -->
</testng-results>
