<?xml version="1.0" encoding="UTF-8"?>
<testng-results ignored="0" total="2" passed="2" failed="0" skipped="0">
  <reporter-output>
  </reporter-output>
  <suite started-at="2022-12-11T09:12:30 IST" name="Suite" finished-at="2022-12-11T09:14:43 IST" duration-ms="133418">
    <groups>
    </groups>
    <test started-at="2022-12-11T09:12:30 IST" name="Test" finished-at="2022-12-11T09:14:43 IST" duration-ms="133418">
      <class name="testCases.SignUpTestCase">
        <test-method is-config="true" signature="launch()[pri:0, instance:testCases.SignUpTestCase@485966cc]" started-at="2022-12-11T09:13:01 IST" name="launch" finished-at="2022-12-11T09:13:31 IST" duration-ms="29465" status="PASS">
          <reporter-output>
          </reporter-output>
        </test-method> <!-- launch -->
        <test-method signature="SignUp()[pri:0, instance:testCases.SignUpTestCase@485966cc]" started-at="2022-12-11T09:13:31 IST" name="SignUp" finished-at="2022-12-11T09:14:43 IST" duration-ms="72300" status="PASS">
          <reporter-output>
          </reporter-output>
        </test-method> <!-- SignUp -->
      </class> <!-- testCases.SignUpTestCase -->
      <class name="testCases.LoginTestCase">
        <test-method is-config="true" signature="launch()[pri:0, instance:testCases.LoginTestCase@505fc5a4]" started-at="2022-12-11T09:12:30 IST" name="launch" finished-at="2022-12-11T09:12:59 IST" duration-ms="29346" status="PASS">
          <reporter-output>
          </reporter-output>
        </test-method> <!-- launch -->
        <test-method signature="login()[pri:0, instance:testCases.LoginTestCase@505fc5a4]" started-at="2022-12-11T09:12:59 IST" name="login" finished-at="2022-12-11T09:13:01 IST" duration-ms="2219" status="PASS">
          <reporter-output>
          </reporter-output>
        </test-method> <!-- login -->
      </class> <!-- testCases.LoginTestCase -->
    </test> <!-- Test -->
  </suite> <!-- Suite -->
</testng-results>
